#
# There is insufficient memory for the Java Runtime Environment to continue.
# Native memory allocation (mmap) failed to map 232783872 bytes for G1 virtual space
# Possible reasons:
#   The system is out of physical RAM or swap space
#   The process is running with CompressedOops enabled, and the Java Heap may be blocking the growth of the native heap
# Possible solutions:
#   Reduce memory load on the system
#   Increase physical memory or swap space
#   Check if swap backing store is full
#   Decrease Java heap size (-Xmx/-Xms)
#   Decrease number of Java threads
#   Decrease Java thread stack sizes (-Xss)
#   Set larger code cache with -XX:ReservedCodeCacheSize=
#   JVM is running with Zero Based Compressed Oops mode in which the Java heap is
#     placed in the first 32GB address space. The Java Heap base address is the
#     maximum limit for the native heap growth. Please use -XX:HeapBaseMinAddress
#     to set the Java Heap base and to place the Java Heap above 32GB virtual address.
# This output file may be truncated or incomplete.
#
#  Out of Memory Error (os_windows.cpp:3536), pid=11092, tid=5608
#
# JRE version:  (19.0.2+7) (build )
# Java VM: OpenJDK 64-Bit Server VM (19.0.2+7-44, mixed mode, sharing, tiered, compressed oops, compressed class ptrs, g1 gc, windows-amd64)
# No core dump will be written. Minidumps are not enabled by default on client versions of Windows
#

---------------  S U M M A R Y ------------

Command Line: -javaagent:C:\Program Files\JetBrains\Aqua 223.7571.188\lib\idea_rt.jar=61310:C:\Program Files\JetBrains\Aqua 223.7571.188\bin -Dfile.encoding=UTF-8 -Dsun.stdout.encoding=UTF-8 -Dsun.stderr.encoding=UTF-8 Final_DoubleLinked_List.Main

Host: AMD Ryzen 5 5600H with Radeon Graphics         , 12 cores, 13G,  Windows 11 , 64 bit Build 25276 (10.0.25276.1000)
Time: Thu Jan 19 15:15:55 2023 Central Europe Standard Time elapsed time: 2.020315 seconds (0d 0h 0m 2s)

---------------  T H R E A D  ---------------

Current thread (0x00000141de94d9e0):  JavaThread "Unknown thread" [_thread_in_vm, id=5608, stack(0x00000020db800000,0x00000020db900000)]

Stack: [0x00000020db800000,0x00000020db900000]
Native frames: (J=compiled Java code, j=interpreted, Vv=VM code, C=native code)
V  [jvm.dll+0x6ee21a]
V  [jvm.dll+0x85765e]
V  [jvm.dll+0x85904e]
V  [jvm.dll+0x859703]
V  [jvm.dll+0x28298f]
V  [jvm.dll+0x6eb009]
V  [jvm.dll+0x6dfbaa]
V  [jvm.dll+0x3573f6]
V  [jvm.dll+0x35ee56]
V  [jvm.dll+0x3b541e]
V  [jvm.dll+0x3b564f]
V  [jvm.dll+0x32c9ea]
V  [jvm.dll+0x32d89e]
V  [jvm.dll+0x821780]
V  [jvm.dll+0x3c2661]
V  [jvm.dll+0x801f51]
V  [jvm.dll+0x44ae8f]
V  [jvm.dll+0x44c811]
C  [jli.dll+0x5287]
C  [ucrtbase.dll+0x2b11b]
C  [KERNEL32.DLL+0x13d2d]
C  [ntdll.dll+0x4d838]


---------------  P R O C E S S  ---------------

Threads class SMR info:
_java_thread_list=0x00007fff18e6d048, length=0, elements={
}

Java Threads: ( => current thread )

Other Threads:
  0x00000141de9b3e20 WorkerThread "GC Thread#0" [stack: 0x00000020db900000,0x00000020dba00000] [id=24532]
  0x00000141de9c49c0 ConcurrentGCThread "G1 Main Marker" [stack: 0x00000020dba00000,0x00000020dbb00000] [id=21832]
  0x00000141de9c6ba0 WorkerThread "G1 Conc#0" [stack: 0x00000020dbb00000,0x00000020dbc00000] [id=20832]

[error occurred during error reporting (printing all threads), id 0xc0000005, EXCEPTION_ACCESS_VIOLATION (0xc0000005) at pc=0x00007fff1862d427]

VM state: not at safepoint (not fully initialized)

VM Mutex/Monitor currently owned by a thread:  ([mutex/lock_event])
[0x00000141de94c5c0] Heap_lock - owner thread: 0x00000141de94d9e0

Heap address: 0x0000000722400000, size: 3548 MB, Compressed Oops mode: Zero based, Oop shift amount: 3

CDS archive(s) mapped at: [0x0000000000000000-0x0000000000000000-0x0000000000000000), size 0, SharedBaseAddress: 0x0000000800000000, ArchiveRelocationMode: 0.
Narrow klass base: 0x0000000000000000, Narrow klass shift: 0, Narrow klass range: 0x0

GC Precious Log:
 CardTable entry size: 512
 Card Set container configuration: InlinePtr #cards 4 size 8 Array Of Cards #cards 16 size 48 Howl #buckets 8 coarsen threshold 3686 Howl Bitmap #cards 512 size 80 coarsen threshold 460 Card regions per heap region 1 cards per card region 4096

Heap:
 garbage-first heap   total 0K, used 0K [0x0000000722400000, 0x0000000800000000)
  region size 2048K, 0 young (0K), 0 survivors (0K)

[error occurred during error reporting (printing heap information), id 0xc0000005, EXCEPTION_ACCESS_VIOLATION (0xc0000005) at pc=0x00007fff18a36649]

GC Heap History (0 events):
No events

Dll operation events (1 events):
Event: 0.012 Loaded shared library C:\Users\Samson\.jdks\openjdk-19.0.2\bin\java.dll

Deoptimization events (0 events):
No events

Classes loaded (0 events):
No events

Classes unloaded (0 events):
No events

Classes redefined (0 events):
No events

Internal exceptions (0 events):
No events

VM Operations (0 events):
No events

Events (0 events):
No events


Dynamic libraries:
0x00007ff683220000 - 0x00007ff68322e000 	C:\Users\Samson\.jdks\openjdk-19.0.2\bin\java.exe
0x00007fffaa3f0000 - 0x00007fffaa605000 	C:\WINDOWS\SYSTEM32\ntdll.dll
0x00007fffa8700000 - 0x00007fffa87c5000 	C:\WINDOWS\System32\KERNEL32.DLL
0x00007fffa7af0000 - 0x00007fffa7e94000 	C:\WINDOWS\System32\KERNELBASE.dll
0x00007fffa7f60000 - 0x00007fffa8075000 	C:\WINDOWS\System32\ucrtbase.dll
0x00007fff90bf0000 - 0x00007fff90c07000 	C:\Users\Samson\.jdks\openjdk-19.0.2\bin\jli.dll
0x00007fff90a70000 - 0x00007fff90a8b000 	C:\Users\Samson\.jdks\openjdk-19.0.2\bin\VCRUNTIME140.dll
0x00007fffa8540000 - 0x00007fffa86f0000 	C:\WINDOWS\System32\USER32.dll
0x00007fff93470000 - 0x00007fff93702000 	C:\WINDOWS\WinSxS\amd64_microsoft.windows.common-controls_6595b64144ccf1df_6.0.25276.1000_none_79f89a8ada7db335\COMCTL32.dll
0x00007fffa78b0000 - 0x00007fffa78d6000 	C:\WINDOWS\System32\win32u.dll
0x00007fffa9790000 - 0x00007fffa9837000 	C:\WINDOWS\System32\msvcrt.dll
0x00007fffa99e0000 - 0x00007fffa9a08000 	C:\WINDOWS\System32\GDI32.dll
0x00007fffa8080000 - 0x00007fffa8199000 	C:\WINDOWS\System32\gdi32full.dll
0x00007fffa7790000 - 0x00007fffa7829000 	C:\WINDOWS\System32\msvcp_win.dll
0x00007fffa81a0000 - 0x00007fffa81d0000 	C:\WINDOWS\System32\IMM32.DLL
0x00007fffa1450000 - 0x00007fffa145c000 	C:\Users\Samson\.jdks\openjdk-19.0.2\bin\vcruntime140_1.dll
0x00007fff90010000 - 0x00007fff9009e000 	C:\Users\Samson\.jdks\openjdk-19.0.2\bin\msvcp140.dll
0x00007fff182f0000 - 0x00007fff18fb0000 	C:\Users\Samson\.jdks\openjdk-19.0.2\bin\server\jvm.dll
0x00007fffaa220000 - 0x00007fffaa2ce000 	C:\WINDOWS\System32\ADVAPI32.dll
0x00007fffa83a0000 - 0x00007fffa8446000 	C:\WINDOWS\System32\sechost.dll
0x00007fffa87e0000 - 0x00007fffa8909000 	C:\WINDOWS\System32\RPCRT4.dll
0x00007fff9fdb0000 - 0x00007fff9fde5000 	C:\WINDOWS\SYSTEM32\WINMM.dll
0x00007fff9e020000 - 0x00007fff9e02a000 	C:\WINDOWS\SYSTEM32\VERSION.dll
0x00007fff8c4d0000 - 0x00007fff8c4d9000 	C:\WINDOWS\SYSTEM32\WSOCK32.dll
0x00007fffa8b90000 - 0x00007fffa8bff000 	C:\WINDOWS\System32\WS2_32.dll
0x00007fffa6800000 - 0x00007fffa6818000 	C:\WINDOWS\SYSTEM32\kernel.appcore.dll
0x00007fff91310000 - 0x00007fff9131a000 	C:\Users\Samson\.jdks\openjdk-19.0.2\bin\jimage.dll
0x00007fffa5260000 - 0x00007fffa5494000 	C:\WINDOWS\SYSTEM32\DBGHELP.DLL
0x00007fffa9a10000 - 0x00007fffa9d94000 	C:\WINDOWS\System32\combase.dll
0x00007fffa8ab0000 - 0x00007fffa8b88000 	C:\WINDOWS\System32\OLEAUT32.dll
0x00007fff8ca60000 - 0x00007fff8ca92000 	C:\WINDOWS\SYSTEM32\dbgcore.DLL
0x00007fffa7a60000 - 0x00007fffa7ae4000 	C:\WINDOWS\System32\bcryptPrimitives.dll
0x00007fff91180000 - 0x00007fff9118e000 	C:\Users\Samson\.jdks\openjdk-19.0.2\bin\instrument.dll
0x00007fff901b0000 - 0x00007fff901d6000 	C:\Users\Samson\.jdks\openjdk-19.0.2\bin\java.dll

dbghelp: loaded successfully - version: 4.0.5 - missing functions: none
symbol engine: initialized successfully - sym options: 0x614 - pdb path: .;C:\Users\Samson\.jdks\openjdk-19.0.2\bin;C:\WINDOWS\SYSTEM32;C:\WINDOWS\WinSxS\amd64_microsoft.windows.common-controls_6595b64144ccf1df_6.0.25276.1000_none_79f89a8ada7db335;C:\Users\Samson\.jdks\openjdk-19.0.2\bin\server

VM Arguments:
jvm_args: -javaagent:C:\Program Files\JetBrains\Aqua 223.7571.188\lib\idea_rt.jar=61310:C:\Program Files\JetBrains\Aqua 223.7571.188\bin -Dfile.encoding=UTF-8 -Dsun.stdout.encoding=UTF-8 -Dsun.stderr.encoding=UTF-8 
java_command: Final_DoubleLinked_List.Main
java_class_path (initial): C:\Users\Samson\OneDrive - samxhavier\Desktop\Software & Data Engineering\Dva Godina Course Materials\Practice - AD\FinalExam_Practice\out\production\FinalExam_Practice
Launcher Type: SUN_STANDARD

[Global flags]
     intx CICompilerCount                          = 4                                         {product} {ergonomic}
     uint ConcGCThreads                            = 3                                         {product} {ergonomic}
     uint G1ConcRefinementThreads                  = 10                                        {product} {ergonomic}
   size_t G1HeapRegionSize                         = 2097152                                   {product} {ergonomic}
    uintx GCDrainStackTargetSize                   = 64                                        {product} {ergonomic}
   size_t InitialHeapSize                          = 232783872                                 {product} {ergonomic}
   size_t MarkStackSize                            = 4194304                                   {product} {ergonomic}
   size_t MaxHeapSize                              = 3720347648                                {product} {ergonomic}
   size_t MinHeapDeltaBytes                        = 2097152                                   {product} {ergonomic}
   size_t MinHeapSize                              = 8388608                                   {product} {ergonomic}
    uintx NonNMethodCodeHeapSize                   = 5839372                                {pd product} {ergonomic}
    uintx NonProfiledCodeHeapSize                  = 122909434                              {pd product} {ergonomic}
    uintx ProfiledCodeHeapSize                     = 122909434                              {pd product} {ergonomic}
    uintx ReservedCodeCacheSize                    = 251658240                              {pd product} {ergonomic}
     bool SegmentedCodeCache                       = true                                      {product} {ergonomic}
   size_t SoftMaxHeapSize                          = 3720347648                             {manageable} {ergonomic}
     bool UseCompressedClassPointers               = true                           {product lp64_product} {ergonomic}
     bool UseCompressedOops                        = true                           {product lp64_product} {ergonomic}
     bool UseG1GC                                  = true                                      {product} {ergonomic}
     bool UseLargePagesIndividualAllocation        = false                                  {pd product} {ergonomic}

Logging:
Log output configuration:
 #0: stdout all=warning uptime,level,tags foldmultilines=false
 #1: stderr all=off uptime,level,tags foldmultilines=false

Environment Variables:
PATH=C:\Program Files\Common Files\Oracle\Java\javapath;C:\Program Files (x86)\Common Files\Intel\Shared Libraries\redist\intel64\compiler;C:\Windows\system32;C:\Windows;C:\Windows\System32\Wbem;C:\Windows\System32\WindowsPowerShell\v1.0\;C:\Windows\System32\OpenSSH\;C:\Program Files (x86)\NVIDIA Corporation\PhysX\Common;C:\Program Files\NVIDIA Corporation\NVIDIA NvDLISR;C:\WINDOWS\system32;C:\WINDOWS;C:\WINDOWS\System32\Wbem;C:\WINDOWS\System32\WindowsPowerShell\v1.0\;C:\WINDOWS\System32\OpenSSH\;C:\Program Files\dotnet\;C:\Program Files\PuTTY\;C:\WINDOWS\system32;C:\WINDOWS;C:\WINDOWS\System32\Wbem;C:\WINDOWS\System32\WindowsPowerShell\v1.0\;C:\WINDOWS\System32\OpenSSH\;C:\Program Files\Git\cmd;C:\ProgramData\chocolatey\bin;C:\Program Files\nodejs\;C:\Users\Samson\AppData\Local\Microsoft\WindowsApps;C:\Program Files\JetBrains\CLion 2021.3.2\bin;;C:\Program Files\JetBrains\PyCharm 2022.1.3\bin;;C:\Program Files\JetBrains\WebStorm 2021.3.1\bin;;C:\Program Files\JetBrains\PhpStorm 2021.3.1\bin;;C:\Users\Samson\AppData\Local\Programs\Microsoft VS Code\bin;C:\Program Files\JetBrains\IntelliJ IDEA 2021.3.2\bin;;C:\Program Files\JetBrains\DataGrip 2022.1.5\bin;;C:\Program Files\JetBrains\Aqua 223.7571.188\bin;;C:\Program Files\JetBrains\JetBrains Gateway 2022.3\bin;;C:\Users\Samson\AppData\Local\GitHubDesktop\bin;C:\Users\Samson\.dotnet\tools;C:\Program Files\JetBrains\JetBrains Rider 2022.3\bin;;C:\Users\Samson\AppData\Roaming\npm;
USERNAME=Samson
OS=Windows_NT
PROCESSOR_IDENTIFIER=AMD64 Family 25 Model 80 Stepping 0, AuthenticAMD
TMP=C:\Users\Samson\AppData\Local\Temp
TEMP=C:\Users\Samson\AppData\Local\Temp



---------------  S Y S T E M  ---------------

OS:
 Windows 11 , 64 bit Build 25276 (10.0.25276.1000)
OS uptime: 0 days 17:02 hours
Hyper-V role detected

CPU: total 12 (initial active 12) (12 cores per cpu, 2 threads per core) family 25 model 80 stepping 0 microcode 0xa50000d, cx8, cmov, fxsr, ht, mmx, 3dnowpref, sse, sse2, sse3, ssse3, sse4a, sse4.1, sse4.2, popcnt, lzcnt, tsc, tscinvbit, avx, avx2, aes, erms, clmul, bmi1, bmi2, adx, sha, fma, vzeroupper, clflush, clflushopt, hv, rdtscp, rdpid, fsrm

Memory: 4k page, system-wide physical 14188M (1761M free)
TotalPageFile size 38764M (AvailPageFile size 61M)
current process WorkingSet (physical memory assigned to process): 12M, peak: 12M
current process commit charge ("private bytes"): 64M, peak: 286M

vm_info: OpenJDK 64-Bit Server VM (19.0.2+7-44) for windows-amd64 JRE (19.0.2+7-44), built on 2022-11-30T18:02:09Z by "mach5one" with MS VC++ 17.1 (VS2022)

END.
